[INFO ] 2019-08-30 14:09:14 [restartedMain] com.java.SpringbootdemoApplication - Starting SpringbootdemoApplication on DESKTOP-1GO04SF with PID 9808 (E:\idea\springbootdemo\target\classes started by liufei in E:\idea\springbootdemo)
[INFO ] 2019-08-30 14:09:14 [restartedMain] com.java.SpringbootdemoApplication - No active profile set, falling back to default profiles: default
[INFO ] 2019-08-30 14:09:14 [restartedMain] o.s.b.d.e.DevToolsPropertyDefaultsPostProcessor - Devtools property defaults active! Set 'spring.devtools.add-properties' to 'false' to disable
[INFO ] 2019-08-30 14:09:14 [restartedMain] o.s.b.d.e.DevToolsPropertyDefaultsPostProcessor - For additional web related logging consider setting the 'logging.level.web' property to 'DEBUG'
[INFO ] 2019-08-30 14:09:14 [restartedMain] o.s.d.r.c.RepositoryConfigurationDelegate - Multiple Spring Data modules found, entering strict repository configuration mode!
[INFO ] 2019-08-30 14:09:14 [restartedMain] o.s.d.r.c.RepositoryConfigurationDelegate - Bootstrapping Spring Data repositories in DEFAULT mode.
[INFO ] 2019-08-30 14:09:14 [restartedMain] o.s.d.r.c.RepositoryConfigurationDelegate - Finished Spring Data repository scanning in 28ms. Found 0 repository interfaces.
[INFO ] 2019-08-30 14:09:14 [restartedMain] o.s.d.r.c.RepositoryConfigurationDelegate - Multiple Spring Data modules found, entering strict repository configuration mode!
[INFO ] 2019-08-30 14:09:14 [restartedMain] o.s.d.r.c.RepositoryConfigurationDelegate - Bootstrapping Spring Data repositories in DEFAULT mode.
[INFO ] 2019-08-30 14:09:14 [restartedMain] o.s.d.r.c.RepositoryConfigurationDelegate - Finished Spring Data repository scanning in 10ms. Found 0 repository interfaces.
[INFO ] 2019-08-30 14:09:14 [restartedMain] o.s.c.s.PostProcessorRegistrationDelegate$BeanPostProcessorChecker - Bean 'org.springframework.transaction.annotation.ProxyTransactionManagementConfiguration' of type [org.springframework.transaction.annotation.ProxyTransactionManagementConfiguration$$EnhancerBySpringCGLIB$$575985c0] is not eligible for getting processed by all BeanPostProcessors (for example: not eligible for auto-proxying)
[INFO ] 2019-08-30 14:09:14 [restartedMain] o.s.b.w.e.tomcat.TomcatWebServer - Tomcat initialized with port(s): 8080 (http)
[INFO ] 2019-08-30 14:09:14 [restartedMain] o.a.coyote.http11.Http11NioProtocol - Initializing ProtocolHandler ["http-nio-8080"]
[INFO ] 2019-08-30 14:09:14 [restartedMain] o.a.catalina.core.StandardService - Starting service [Tomcat]
[INFO ] 2019-08-30 14:09:14 [restartedMain] o.a.catalina.core.StandardEngine - Starting Servlet Engine: Apache Tomcat/9.0.13
[INFO ] 2019-08-30 14:09:14 [restartedMain] o.a.c.core.AprLifecycleListener - The APR based Apache Tomcat Native library which allows optimal performance in production environments was not found on the java.library.path: [C:\Program Files\Java\jdk1.8.0_202\bin;C:\WINDOWS\Sun\Java\bin;C:\WINDOWS\system32;C:\WINDOWS;D:\workSoftware\oracle\oracle\wenjian\product\11.2.0\dbhome_1\bin;C:\Program Files (x86)\Common Files\Oracle\Java\javapath;C:\WINDOWS\system32;C:\WINDOWS;C:\WINDOWS\System32\Wbem;C:\WINDOWS\System32\WindowsPowerShell\v1.0\;C:\WINDOWS\System32\OpenSSH\;C:\Program Files\Java\jdk1.8.0_202\bin;C:\Program Files\Java\jdk1.8.0_202\bin;D:\workSoftware\Maven\apache-maven-cheyipai\bin;D:\workSoftware\git\Git\cmd;D:\workSoftware\node\;D:\workSoftware\sobox\Win64OpenSSL_Light-1_1_1c\wenjian\OpenSSL-Win64\bin;C:\Users\liufei\AppData\Local\Microsoft\WindowsApps;C:\Users\liufei\AppData\Local\BypassRuntm;D:\workSoftware\fiddler;C:\Users\liufei\AppData\Roaming\npm;D:\workSoftware\idea\IntelliJ IDEA 2019.2\bin;;.]
[INFO ] 2019-08-30 14:09:14 [restartedMain] o.a.c.c.C.[Tomcat].[localhost].[/] - Initializing Spring embedded WebApplicationContext
[INFO ] 2019-08-30 14:09:14 [restartedMain] o.s.web.context.ContextLoader - Root WebApplicationContext: initialization completed in 6638 ms
[INFO ] 2019-08-30 14:09:14 [restartedMain] org.mongodb.driver.cluster - Cluster created with settings {hosts=[127.0.0.1:27017], mode=MULTIPLE, requiredClusterType=UNKNOWN, serverSelectionTimeout='30000 ms', maxWaitQueueSize=500}
[INFO ] 2019-08-30 14:09:14 [restartedMain] org.mongodb.driver.cluster - Adding discovered server 127.0.0.1:27017 to client view of cluster
[INFO ] 2019-08-30 14:09:14 [cluster-ClusterId{value='5d68bd94ea4e0b2650429237', description='null'}-127.0.0.1:27017] org.mongodb.driver.connection - Opened connection [connectionId{localValue:1, serverValue:2}] to 127.0.0.1:27017
[INFO ] 2019-08-30 14:09:14 [cluster-ClusterId{value='5d68bd94ea4e0b2650429237', description='null'}-127.0.0.1:27017] org.mongodb.driver.cluster - Monitor thread successfully connected to server with description ServerDescription{address=127.0.0.1:27017, type=STANDALONE, state=CONNECTED, ok=true, version=ServerVersion{versionList=[4, 0, 10]}, minWireVersion=0, maxWireVersion=7, maxDocumentSize=16777216, logicalSessionTimeoutMinutes=30, roundTripTimeNanos=3548400}
[INFO ] 2019-08-30 14:09:14 [cluster-ClusterId{value='5d68bd94ea4e0b2650429237', description='null'}-127.0.0.1:27017] org.mongodb.driver.cluster - Discovered cluster type of STANDALONE
[INFO ] 2019-08-30 14:09:14 [restartedMain] s.d.s.w.PropertySourcedRequestMappingHandlerMapping - Mapped URL path [/v2/api-docs] onto method [public org.springframework.http.ResponseEntity<springfox.documentation.spring.web.json.Json> springfox.documentation.swagger2.web.Swagger2Controller.getDocumentation(java.lang.String,javax.servlet.http.HttpServletRequest)]
[INFO ] 2019-08-30 14:09:14 [restartedMain] o.s.s.c.ThreadPoolTaskExecutor - Initializing ExecutorService 'applicationTaskExecutor'
[INFO ] 2019-08-30 14:09:14 [restartedMain] o.s.b.d.a.OptionalLiveReloadServer - LiveReload server is running on port 35729
[INFO ] 2019-08-30 14:09:14 [restartedMain] o.s.b.a.w.s.WelcomePageHandlerMapping - Adding welcome page template: index
[INFO ] 2019-08-30 14:09:14 [restartedMain] s.d.s.w.p.DocumentationPluginsBootstrapper - Context refreshed
[INFO ] 2019-08-30 14:09:14 [restartedMain] s.d.s.w.p.DocumentationPluginsBootstrapper - Found 1 custom documentation plugin(s)
[INFO ] 2019-08-30 14:09:14 [restartedMain] s.d.s.w.s.ApiListingReferenceScanner - Scanning for api listing references
[INFO ] 2019-08-30 14:09:14 [restartedMain] o.a.coyote.http11.Http11NioProtocol - Starting ProtocolHandler ["http-nio-8080"]
[INFO ] 2019-08-30 14:09:14 [restartedMain] o.a.tomcat.util.net.NioSelectorPool - Using a shared selector for servlet write/read
[INFO ] 2019-08-30 14:09:14 [restartedMain] o.s.b.w.e.tomcat.TomcatWebServer - Tomcat started on port(s): 8080 (http) with context path ''
[INFO ] 2019-08-30 14:09:14 [restartedMain] com.java.SpringbootdemoApplication - Started SpringbootdemoApplication in 15.36 seconds (JVM running for 21.58)
[INFO ] 2019-08-30 14:09:14 [http-nio-8080-exec-1] o.a.c.c.C.[Tomcat].[localhost].[/] - Initializing Spring DispatcherServlet 'dispatcherServlet'
[INFO ] 2019-08-30 14:09:14 [http-nio-8080-exec-1] o.s.web.servlet.DispatcherServlet - Initializing Servlet 'dispatcherServlet'
[INFO ] 2019-08-30 14:09:14 [http-nio-8080-exec-1] o.s.web.servlet.DispatcherServlet - Completed initialization in 12 ms
[INFO ] 2019-08-30 14:09:14 [http-nio-8080-exec-9] org.mongodb.driver.connection - Opened connection [connectionId{localValue:2, serverValue:3}] to 127.0.0.1:27017
[INFO ] 2019-08-30 14:09:14 [http-nio-8080-exec-5] c.alibaba.druid.pool.DruidDataSource - {dataSource-1} inited
[INFO ] 2019-08-30 14:09:14 [http-nio-8080-exec-5] com.java.aspect.CacheAspect - RedisCache进入aop-------
[INFO ] 2019-08-30 14:09:14 [http-nio-8080-exec-5] io.lettuce.core.EpollProvider - Starting without optional epoll library
[INFO ] 2019-08-30 14:09:14 [http-nio-8080-exec-5] io.lettuce.core.KqueueProvider - Starting without optional kqueue library
[INFO ] 2019-08-30 14:09:14 [http-nio-8080-exec-5] com.java.aspect.CacheAspect - RedisCache结束aop--------，缓存中没有，设置缓存
[INFO ] 2019-08-30 14:09:14 [http-nio-8080-exec-9] com.java.aspect.CacheAspect - RedisCache进入aop-------
[INFO ] 2019-08-30 14:09:14 [http-nio-8080-exec-9] com.java.aspect.CacheAspect - RedisCache结束aop--------，缓存中存在，直接返回
