[INFO ] 2019-08-15 10:03:47 [restartedMain] com.java.SpringbootdemoApplication - Starting SpringbootdemoApplication on DESKTOP-1GO04SF with PID 468 (E:\idea\springbootdemo\target\classes started by liufei in E:\idea\springbootdemo)
[INFO ] 2019-08-15 10:03:47 [restartedMain] com.java.SpringbootdemoApplication - No active profile set, falling back to default profiles: default
[INFO ] 2019-08-15 10:03:47 [restartedMain] o.s.b.d.e.DevToolsPropertyDefaultsPostProcessor - Devtools property defaults active! Set 'spring.devtools.add-properties' to 'false' to disable
[INFO ] 2019-08-15 10:03:47 [restartedMain] o.s.b.d.e.DevToolsPropertyDefaultsPostProcessor - For additional web related logging consider setting the 'logging.level.web' property to 'DEBUG'
[INFO ] 2019-08-15 10:03:47 [restartedMain] o.s.d.r.c.RepositoryConfigurationDelegate - Multiple Spring Data modules found, entering strict repository configuration mode!
[INFO ] 2019-08-15 10:03:47 [restartedMain] o.s.d.r.c.RepositoryConfigurationDelegate - Bootstrapping Spring Data repositories in DEFAULT mode.
[INFO ] 2019-08-15 10:03:47 [restartedMain] o.s.d.r.c.RepositoryConfigurationDelegate - Finished Spring Data repository scanning in 26ms. Found 0 repository interfaces.
[INFO ] 2019-08-15 10:03:47 [restartedMain] o.s.c.s.PostProcessorRegistrationDelegate$BeanPostProcessorChecker - Bean 'org.springframework.transaction.annotation.ProxyTransactionManagementConfiguration' of type [org.springframework.transaction.annotation.ProxyTransactionManagementConfiguration$$EnhancerBySpringCGLIB$$30c10fef] is not eligible for getting processed by all BeanPostProcessors (for example: not eligible for auto-proxying)
[INFO ] 2019-08-15 10:03:47 [restartedMain] o.s.b.w.e.tomcat.TomcatWebServer - Tomcat initialized with port(s): 8080 (http)
[INFO ] 2019-08-15 10:03:47 [restartedMain] o.a.coyote.http11.Http11NioProtocol - Initializing ProtocolHandler ["http-nio-8080"]
[INFO ] 2019-08-15 10:03:47 [restartedMain] o.a.catalina.core.StandardService - Starting service [Tomcat]
[INFO ] 2019-08-15 10:03:47 [restartedMain] o.a.catalina.core.StandardEngine - Starting Servlet Engine: Apache Tomcat/9.0.13
[INFO ] 2019-08-15 10:03:47 [restartedMain] o.a.c.core.AprLifecycleListener - The APR based Apache Tomcat Native library which allows optimal performance in production environments was not found on the java.library.path: [C:\Program Files\Java\jdk1.8.0_202\bin;C:\WINDOWS\Sun\Java\bin;C:\WINDOWS\system32;C:\WINDOWS;D:\workSoftware\xshell\wenjian\;D:\workSoftware\oracle\oracle\wenjian\product\11.2.0\dbhome_1\bin;C:\Program Files (x86)\Common Files\Oracle\Java\javapath;C:\WINDOWS\system32;C:\WINDOWS;C:\WINDOWS\System32\Wbem;C:\WINDOWS\System32\WindowsPowerShell\v1.0\;C:\WINDOWS\System32\OpenSSH\;C:\Program Files\Java\jdk1.8.0_202\bin;C:\Program Files\Java\jdk1.8.0_202\bin;D:\workSoftware\Maven\apache-maven-cheyipai\bin;D:\workSoftware\git\Git\cmd;D:\workSoftware\node\;D:\workSoftware\sobox\Win64OpenSSL_Light-1_1_1c\wenjian\OpenSSL-Win64\bin;C:\Users\liufei\AppData\Local\Microsoft\WindowsApps;C:\Users\liufei\AppData\Local\BypassRuntm;D:\workSoftware\fiddler;C:\Users\liufei\AppData\Roaming\npm;D:\workSoftware\idea\IntelliJ IDEA 2019.2\bin;;.]
[INFO ] 2019-08-15 10:03:47 [restartedMain] o.a.c.c.C.[Tomcat].[localhost].[/] - Initializing Spring embedded WebApplicationContext
[INFO ] 2019-08-15 10:03:47 [restartedMain] o.s.web.context.ContextLoader - Root WebApplicationContext: initialization completed in 2617 ms
[INFO ] 2019-08-15 10:03:47 [restartedMain] s.d.s.w.PropertySourcedRequestMappingHandlerMapping - Mapped URL path [/v2/api-docs] onto method [public org.springframework.http.ResponseEntity<springfox.documentation.spring.web.json.Json> springfox.documentation.swagger2.web.Swagger2Controller.getDocumentation(java.lang.String,javax.servlet.http.HttpServletRequest)]
[INFO ] 2019-08-15 10:03:47 [restartedMain] o.s.s.c.ThreadPoolTaskExecutor - Initializing ExecutorService 'applicationTaskExecutor'
[INFO ] 2019-08-15 10:03:47 [restartedMain] o.s.b.d.a.OptionalLiveReloadServer - LiveReload server is running on port 35729
[INFO ] 2019-08-15 10:03:47 [restartedMain] o.s.b.a.w.s.WelcomePageHandlerMapping - Adding welcome page template: index
[INFO ] 2019-08-15 10:03:47 [restartedMain] s.d.s.w.p.DocumentationPluginsBootstrapper - Context refreshed
[INFO ] 2019-08-15 10:03:47 [restartedMain] s.d.s.w.p.DocumentationPluginsBootstrapper - Found 1 custom documentation plugin(s)
[INFO ] 2019-08-15 10:03:47 [restartedMain] s.d.s.w.s.ApiListingReferenceScanner - Scanning for api listing references
[INFO ] 2019-08-15 10:03:47 [restartedMain] o.a.coyote.http11.Http11NioProtocol - Starting ProtocolHandler ["http-nio-8080"]
[INFO ] 2019-08-15 10:03:47 [restartedMain] o.a.tomcat.util.net.NioSelectorPool - Using a shared selector for servlet write/read
[INFO ] 2019-08-15 10:03:47 [restartedMain] o.s.b.w.e.tomcat.TomcatWebServer - Tomcat started on port(s): 8080 (http) with context path ''
[INFO ] 2019-08-15 10:03:47 [restartedMain] com.java.SpringbootdemoApplication - Started SpringbootdemoApplication in 5.983 seconds (JVM running for 8.364)
[INFO ] 2019-08-15 10:18:36 [restartedMain] com.java.SpringbootdemoApplication - Starting SpringbootdemoApplication on DESKTOP-1GO04SF with PID 12384 (E:\idea\springbootdemo\target\classes started by liufei in E:\idea\springbootdemo)
[INFO ] 2019-08-15 10:18:36 [restartedMain] com.java.SpringbootdemoApplication - No active profile set, falling back to default profiles: default
[INFO ] 2019-08-15 10:18:36 [restartedMain] o.s.b.d.e.DevToolsPropertyDefaultsPostProcessor - Devtools property defaults active! Set 'spring.devtools.add-properties' to 'false' to disable
[INFO ] 2019-08-15 10:18:36 [restartedMain] o.s.b.d.e.DevToolsPropertyDefaultsPostProcessor - For additional web related logging consider setting the 'logging.level.web' property to 'DEBUG'
[INFO ] 2019-08-15 10:18:36 [restartedMain] o.s.d.r.c.RepositoryConfigurationDelegate - Multiple Spring Data modules found, entering strict repository configuration mode!
[INFO ] 2019-08-15 10:18:36 [restartedMain] o.s.d.r.c.RepositoryConfigurationDelegate - Bootstrapping Spring Data repositories in DEFAULT mode.
[INFO ] 2019-08-15 10:18:36 [restartedMain] o.s.d.r.c.RepositoryConfigurationDelegate - Finished Spring Data repository scanning in 13ms. Found 0 repository interfaces.
[INFO ] 2019-08-15 10:18:36 [restartedMain] o.s.c.s.PostProcessorRegistrationDelegate$BeanPostProcessorChecker - Bean 'org.springframework.transaction.annotation.ProxyTransactionManagementConfiguration' of type [org.springframework.transaction.annotation.ProxyTransactionManagementConfiguration$$EnhancerBySpringCGLIB$$1d4ee44f] is not eligible for getting processed by all BeanPostProcessors (for example: not eligible for auto-proxying)
[INFO ] 2019-08-15 10:18:36 [restartedMain] o.s.b.w.e.tomcat.TomcatWebServer - Tomcat initialized with port(s): 8080 (http)
[INFO ] 2019-08-15 10:18:36 [restartedMain] o.a.coyote.http11.Http11NioProtocol - Initializing ProtocolHandler ["http-nio-8080"]
[INFO ] 2019-08-15 10:18:36 [restartedMain] o.a.catalina.core.StandardService - Starting service [Tomcat]
[INFO ] 2019-08-15 10:18:36 [restartedMain] o.a.catalina.core.StandardEngine - Starting Servlet Engine: Apache Tomcat/9.0.13
[INFO ] 2019-08-15 10:18:36 [restartedMain] o.a.c.core.AprLifecycleListener - The APR based Apache Tomcat Native library which allows optimal performance in production environments was not found on the java.library.path: [C:\Program Files\Java\jdk1.8.0_202\bin;C:\WINDOWS\Sun\Java\bin;C:\WINDOWS\system32;C:\WINDOWS;D:\workSoftware\xshell\wenjian\;D:\workSoftware\oracle\oracle\wenjian\product\11.2.0\dbhome_1\bin;C:\Program Files (x86)\Common Files\Oracle\Java\javapath;C:\WINDOWS\system32;C:\WINDOWS;C:\WINDOWS\System32\Wbem;C:\WINDOWS\System32\WindowsPowerShell\v1.0\;C:\WINDOWS\System32\OpenSSH\;C:\Program Files\Java\jdk1.8.0_202\bin;C:\Program Files\Java\jdk1.8.0_202\bin;D:\workSoftware\Maven\apache-maven-cheyipai\bin;D:\workSoftware\git\Git\cmd;D:\workSoftware\node\;D:\workSoftware\sobox\Win64OpenSSL_Light-1_1_1c\wenjian\OpenSSL-Win64\bin;C:\Users\liufei\AppData\Local\Microsoft\WindowsApps;C:\Users\liufei\AppData\Local\BypassRuntm;D:\workSoftware\fiddler;C:\Users\liufei\AppData\Roaming\npm;D:\workSoftware\idea\IntelliJ IDEA 2019.2\bin;;.]
[INFO ] 2019-08-15 10:18:36 [restartedMain] o.a.c.c.C.[Tomcat].[localhost].[/] - Initializing Spring embedded WebApplicationContext
[INFO ] 2019-08-15 10:18:36 [restartedMain] o.s.web.context.ContextLoader - Root WebApplicationContext: initialization completed in 1944 ms
[INFO ] 2019-08-15 10:18:36 [restartedMain] s.d.s.w.PropertySourcedRequestMappingHandlerMapping - Mapped URL path [/v2/api-docs] onto method [public org.springframework.http.ResponseEntity<springfox.documentation.spring.web.json.Json> springfox.documentation.swagger2.web.Swagger2Controller.getDocumentation(java.lang.String,javax.servlet.http.HttpServletRequest)]
[INFO ] 2019-08-15 10:18:36 [restartedMain] o.s.s.c.ThreadPoolTaskExecutor - Initializing ExecutorService 'applicationTaskExecutor'
[INFO ] 2019-08-15 10:18:36 [restartedMain] o.s.b.d.a.OptionalLiveReloadServer - LiveReload server is running on port 35729
[INFO ] 2019-08-15 10:18:36 [restartedMain] o.s.b.a.w.s.WelcomePageHandlerMapping - Adding welcome page template: index
[INFO ] 2019-08-15 10:18:36 [restartedMain] s.d.s.w.p.DocumentationPluginsBootstrapper - Context refreshed
[INFO ] 2019-08-15 10:18:36 [restartedMain] s.d.s.w.p.DocumentationPluginsBootstrapper - Found 1 custom documentation plugin(s)
[INFO ] 2019-08-15 10:18:36 [restartedMain] s.d.s.w.s.ApiListingReferenceScanner - Scanning for api listing references
[INFO ] 2019-08-15 10:18:36 [restartedMain] o.a.coyote.http11.Http11NioProtocol - Starting ProtocolHandler ["http-nio-8080"]
[INFO ] 2019-08-15 10:18:36 [restartedMain] o.a.tomcat.util.net.NioSelectorPool - Using a shared selector for servlet write/read
[INFO ] 2019-08-15 10:18:36 [restartedMain] o.s.b.w.e.tomcat.TomcatWebServer - Tomcat started on port(s): 8080 (http) with context path ''
[INFO ] 2019-08-15 10:18:36 [restartedMain] com.java.SpringbootdemoApplication - Started SpringbootdemoApplication in 4.274 seconds (JVM running for 6.203)
[INFO ] 2019-08-15 10:18:36 [http-nio-8080-exec-1] o.a.c.c.C.[Tomcat].[localhost].[/] - Initializing Spring DispatcherServlet 'dispatcherServlet'
[INFO ] 2019-08-15 10:18:36 [http-nio-8080-exec-1] o.s.web.servlet.DispatcherServlet - Initializing Servlet 'dispatcherServlet'
[INFO ] 2019-08-15 10:18:36 [http-nio-8080-exec-1] o.s.web.servlet.DispatcherServlet - Completed initialization in 11 ms
[INFO ] 2019-08-15 10:18:36 [http-nio-8080-exec-9] c.alibaba.druid.pool.DruidDataSource - {dataSource-1} inited
[INFO ] 2019-08-15 10:18:36 [http-nio-8080-exec-9] com.java.aspect.CacheAspect - RedisCache进入aop-------
[INFO ] 2019-08-15 10:18:36 [http-nio-8080-exec-9] io.lettuce.core.EpollProvider - Starting without optional epoll library
[INFO ] 2019-08-15 10:18:36 [http-nio-8080-exec-9] io.lettuce.core.KqueueProvider - Starting without optional kqueue library
[INFO ] 2019-08-15 10:18:36 [http-nio-8080-exec-9] com.java.aspect.CacheAspect - RedisCache结束aop--------，缓存中没有，设置缓存
[INFO ] 2019-08-15 10:18:36 [http-nio-8080-exec-4] com.java.aspect.CacheAspect - RedisCache进入aop-------
[INFO ] 2019-08-15 10:18:36 [http-nio-8080-exec-4] com.java.aspect.CacheAspect - RedisCache结束aop--------，缓存中存在，直接返回
